<?xml version="1.0" encoding="UTF-8"?>
<!-- Generated by org.testng.reporters.JUnitReportReporter -->
<testsuite hostname="DESKTOP-T6L47BI" failures="0" tests="3" name="dev_functions.A_testClass_dailyCheckPointList" time="61.893" errors="0" timestamp="2024-11-13T17:04:25 IST" skipped="0">
  <testcase classname="dev_functions.A_testClass_dailyCheckPointList" name="userDetails" time="5.826">
    <system-out>
      <![CDATA[ 
live department user # bhupesh.dept_dev@atpl.in # log in sucessfully
 ]]>
    </system-out>
  </testcase> <!-- userDetails -->
  <testcase classname="dev_functions.A_testClass_dailyCheckPointList" name="createManualAlarmByAttribute" time="48.312">
    <system-out>
      <![CDATA[ 
The process of creating a manual alarm by attribute is started.
The process of creating a manual alarm by attribute is complete.
 ]]>
    </system-out>
  </testcase> <!-- createManualAlarmByAttribute -->
  <testcase classname="dev_functions.A_testClass_dailyCheckPointList" name="detailsAboutScript" time="7.755">
    <system-out>
      <![CDATA[ 
Login  date-13.11.2024 & login  time -12:33
Logout date-13-11-2024 & logout time -12:34
 ]]>
    </system-out>
  </testcase> <!-- detailsAboutScript -->
  <system-out>
    <![CDATA[Hello, Daily check point checking process has started.-13.11.2024>12:33
 
Todays is 2 Wednesday of this month.
 
 
live department user # bhupesh.dept_dev@atpl.in # log in sucessfully
 
 
The process of creating a manual alarm by attribute is started.
The process of creating a manual alarm by attribute is complete.
 
 
Login  date-13.11.2024 & login  time -12:33
Logout date-13-11-2024 & logout time -12:34
 
Logout sucessfully.
 
Refresh the URL before successfully closing the browser.
Browser close sucessfully.
 ]]>
  </system-out>
</testsuite> <!-- dev_functions.A_testClass_dailyCheckPointList -->
